<?xml version="1.0" encoding="UTF-8"?>
<testng-results ignored="0" total="5" passed="5" failed="0" skipped="0">
  <reporter-output>
  </reporter-output>
  <suite started-at="2023-08-09T10:27:14 IST" name="Default suite" finished-at="2023-08-09T10:28:00 IST" duration-ms="46736">
    <groups>
      <group name="cucumber">
        <method signature="AbstractTestNGCucumberTests.runScenario(io.cucumber.testng.PickleWrapper,io.cucumber.testng.FeatureWrapper)[pri:0, instance:com.asses.runner.CucumberRunner@1cf6d1be]" name="runScenario" class="io.cucumber.testng.AbstractTestNGCucumberTests"/>
      </group> <!-- cucumber -->
    </groups>
    <test started-at="2023-08-09T10:27:14 IST" name="Default test" finished-at="2023-08-09T10:28:00 IST" duration-ms="46736">
      <class name="com.asses.runner.CucumberRunner">
        <test-method is-config="true" signature="setUpClass(org.testng.ITestContext)[pri:0, instance:com.asses.runner.CucumberRunner@1cf6d1be]" started-at="2023-08-09T10:27:14 IST" name="setUpClass" finished-at="2023-08-09T10:27:14 IST" duration-ms="395" status="PASS">
          <params>
            <param index="0">
              <value>
                <![CDATA[org.testng.TestRunner@42cd0fc6]]>
              </value>
            </param>
          </params>
          <reporter-output>
          </reporter-output>
        </test-method> <!-- setUpClass -->
        <test-method signature="runScenario(io.cucumber.testng.PickleWrapper,io.cucumber.testng.FeatureWrapper)[pri:0, instance:com.asses.runner.CucumberRunner@1cf6d1be]" started-at="2023-08-09T10:27:14 IST" name="runScenario" description="Runs Cucumber Scenarios" data-provider="scenarios" finished-at="2023-08-09T10:27:18 IST" duration-ms="3911" status="PASS">
          <params>
            <param index="0">
              <value>
                <![CDATA["GetUserById"]]>
              </value>
            </param>
            <param index="1">
              <value>
                <![CDATA["Request Response site APIs"]]>
              </value>
            </param>
          </params>
          <reporter-output>
          </reporter-output>
        </test-method> <!-- runScenario -->
        <test-method signature="runScenario(io.cucumber.testng.PickleWrapper,io.cucumber.testng.FeatureWrapper)[pri:0, instance:com.asses.runner.CucumberRunner@1cf6d1be]" started-at="2023-08-09T10:27:18 IST" name="runScenario" description="Runs Cucumber Scenarios" data-provider="scenarios" finished-at="2023-08-09T10:27:19 IST" duration-ms="635" status="PASS">
          <params>
            <param index="0">
              <value>
                <![CDATA["CreateUser"]]>
              </value>
            </param>
            <param index="1">
              <value>
                <![CDATA["Request Response site APIs"]]>
              </value>
            </param>
          </params>
          <reporter-output>
          </reporter-output>
        </test-method> <!-- runScenario -->
        <test-method signature="runScenario(io.cucumber.testng.PickleWrapper,io.cucumber.testng.FeatureWrapper)[pri:0, instance:com.asses.runner.CucumberRunner@1cf6d1be]" started-at="2023-08-09T10:27:19 IST" name="runScenario" description="Runs Cucumber Scenarios" data-provider="scenarios" finished-at="2023-08-09T10:27:19 IST" duration-ms="38" status="PASS">
          <params>
            <param index="0">
              <value>
                <![CDATA["ReadInputAndGenerateOutput"]]>
              </value>
            </param>
            <param index="1">
              <value>
                <![CDATA["Read,Process and Generate Output"]]>
              </value>
            </param>
          </params>
          <reporter-output>
          </reporter-output>
        </test-method> <!-- runScenario -->
        <test-method signature="runScenario(io.cucumber.testng.PickleWrapper,io.cucumber.testng.FeatureWrapper)[pri:0, instance:com.asses.runner.CucumberRunner@1cf6d1be]" started-at="2023-08-09T10:27:19 IST" name="runScenario" description="Runs Cucumber Scenarios" data-provider="scenarios" finished-at="2023-08-09T10:27:49 IST" duration-ms="30209" status="PASS">
          <params>
            <param index="0">
              <value>
                <![CDATA["HomePage"]]>
              </value>
            </param>
            <param index="1">
              <value>
                <![CDATA["RequestResponse Site Validation"]]>
              </value>
            </param>
          </params>
          <reporter-output>
          </reporter-output>
        </test-method> <!-- runScenario -->
        <test-method signature="runScenario(io.cucumber.testng.PickleWrapper,io.cucumber.testng.FeatureWrapper)[pri:0, instance:com.asses.runner.CucumberRunner@1cf6d1be]" started-at="2023-08-09T10:27:49 IST" name="runScenario" description="Runs Cucumber Scenarios" data-provider="scenarios" finished-at="2023-08-09T10:28:00 IST" duration-ms="11459" status="PASS">
          <params>
            <param index="0">
              <value>
                <![CDATA["Support Page"]]>
              </value>
            </param>
            <param index="1">
              <value>
                <![CDATA["RequestResponse Site Validation"]]>
              </value>
            </param>
          </params>
          <reporter-output>
          </reporter-output>
        </test-method> <!-- runScenario -->
        <test-method is-config="true" signature="tearDownClass()[pri:0, instance:com.asses.runner.CucumberRunner@1cf6d1be]" started-at="2023-08-09T10:28:00 IST" name="tearDownClass" finished-at="2023-08-09T10:28:00 IST" duration-ms="10" status="PASS">
          <reporter-output>
          </reporter-output>
        </test-method> <!-- tearDownClass -->
      </class> <!-- com.asses.runner.CucumberRunner -->
    </test> <!-- Default test -->
  </suite> <!-- Default suite -->
</testng-results>
